<?xml version="1.0" encoding="UTF-8"?>
<testng-results ignored="1" total="2" passed="1" failed="0" skipped="0">
  <reporter-output>
  </reporter-output>
  <suite started-at="2026-03-10T21:45:24 CDT" name="Suite" finished-at="2026-03-10T21:45:24 CDT" duration-ms="63">
    <groups>
      <group name="smoke">
        <method signature="DemoTest.carTest()[pri:0, instance:practice.DemoTest@18078bef]" name="carTest" class="practice.DemoTest"/>
      </group> <!-- smoke -->
    </groups>
    <test started-at="2026-03-10T21:45:24 CDT" name="Test" finished-at="2026-03-10T21:45:24 CDT" duration-ms="63">
      <class name="practice.DemoTest">
        <test-method signature="carTest()[pri:0, instance:practice.DemoTest@18078bef]" started-at="2026-03-10T21:45:24 CDT" name="carTest" finished-at="2026-03-10T21:45:24 CDT" duration-ms="11" status="PASS">
          <reporter-output>
          </reporter-output>
        </test-method> <!-- carTest -->
      </class> <!-- practice.DemoTest -->
    </test> <!-- Test -->
  </suite> <!-- Suite -->
</testng-results>
